[2024-04-18T15:16:37.152+0000] {local_task_job_runner.py:120} INFO - ::group::Pre task execution logs
[2024-04-18T15:16:37.177+0000] {taskinstance.py:2073} INFO - Dependencies all met for dep_context=non-requeueable deps ti=<TaskInstance: etl_reddit_pipeline.s3_upload scheduled__2024-04-17T00:00:00+00:00 [queued]>
[2024-04-18T15:16:37.186+0000] {taskinstance.py:2073} INFO - Dependencies all met for dep_context=requeueable deps ti=<TaskInstance: etl_reddit_pipeline.s3_upload scheduled__2024-04-17T00:00:00+00:00 [queued]>
[2024-04-18T15:16:37.186+0000] {taskinstance.py:2303} INFO - Starting attempt 1 of 1
[2024-04-18T15:16:37.202+0000] {taskinstance.py:2327} INFO - Executing <Task(PythonOperator): s3_upload> on 2024-04-17 00:00:00+00:00
[2024-04-18T15:16:37.208+0000] {standard_task_runner.py:63} INFO - Started process 58 to run task
[2024-04-18T15:16:37.212+0000] {standard_task_runner.py:90} INFO - Running: ['airflow', 'tasks', 'run', 'etl_reddit_pipeline', 's3_upload', 'scheduled__2024-04-17T00:00:00+00:00', '--job-id', '6', '--raw', '--subdir', 'DAGS_FOLDER/reddit_dag.py', '--cfg-path', '/tmp/tmpf9ixqlmp']
[2024-04-18T15:16:37.215+0000] {standard_task_runner.py:91} INFO - Job 6: Subtask s3_upload
[2024-04-18T15:16:37.267+0000] {task_command.py:426} INFO - Running <TaskInstance: etl_reddit_pipeline.s3_upload scheduled__2024-04-17T00:00:00+00:00 [running]> on host eed44f4826c4
[2024-04-18T15:16:37.353+0000] {taskinstance.py:2644} INFO - Exporting env vars: AIRFLOW_CTX_DAG_OWNER='prathamesh ettam' AIRFLOW_CTX_DAG_ID='etl_reddit_pipeline' AIRFLOW_CTX_TASK_ID='s3_upload' AIRFLOW_CTX_EXECUTION_DATE='2024-04-17T00:00:00+00:00' AIRFLOW_CTX_TRY_NUMBER='1' AIRFLOW_CTX_DAG_RUN_ID='scheduled__2024-04-17T00:00:00+00:00'
[2024-04-18T15:16:37.355+0000] {taskinstance.py:430} INFO - ::endgroup::
[2024-04-18T15:16:38.612+0000] {logging_mixin.py:188} INFO - Bucket already exists
[2024-04-18T15:16:40.058+0000] {logging_mixin.py:188} INFO - File uploaded to s3
[2024-04-18T15:16:40.060+0000] {python.py:237} INFO - Done. Returned value was: None
[2024-04-18T15:16:40.061+0000] {taskinstance.py:441} INFO - ::group::Post task execution logs
[2024-04-18T15:16:40.081+0000] {taskinstance.py:1205} INFO - Marking task as SUCCESS. dag_id=etl_reddit_pipeline, task_id=s3_upload, execution_date=20240417T000000, start_date=20240418T151637, end_date=20240418T151640
[2024-04-18T15:16:40.127+0000] {local_task_job_runner.py:240} INFO - Task exited with return code 0
[2024-04-18T15:16:40.146+0000] {taskinstance.py:3482} INFO - 0 downstream tasks scheduled from follow-on schedule check
[2024-04-18T15:16:40.149+0000] {local_task_job_runner.py:222} INFO - ::endgroup::
[2024-04-18T15:18:04.449+0000] {local_task_job_runner.py:120} INFO - ::group::Pre task execution logs
[2024-04-18T15:18:04.467+0000] {taskinstance.py:2073} INFO - Dependencies all met for dep_context=non-requeueable deps ti=<TaskInstance: etl_reddit_pipeline.s3_upload scheduled__2024-04-17T00:00:00+00:00 [queued]>
[2024-04-18T15:18:04.474+0000] {taskinstance.py:2073} INFO - Dependencies all met for dep_context=requeueable deps ti=<TaskInstance: etl_reddit_pipeline.s3_upload scheduled__2024-04-17T00:00:00+00:00 [queued]>
[2024-04-18T15:18:04.474+0000] {taskinstance.py:2303} INFO - Starting attempt 1 of 1
[2024-04-18T15:18:04.485+0000] {taskinstance.py:2327} INFO - Executing <Task(PythonOperator): s3_upload> on 2024-04-17 00:00:00+00:00
[2024-04-18T15:18:04.489+0000] {standard_task_runner.py:63} INFO - Started process 74 to run task
[2024-04-18T15:18:04.492+0000] {standard_task_runner.py:90} INFO - Running: ['airflow', 'tasks', 'run', 'etl_reddit_pipeline', 's3_upload', 'scheduled__2024-04-17T00:00:00+00:00', '--job-id', '9', '--raw', '--subdir', 'DAGS_FOLDER/reddit_dag.py', '--cfg-path', '/tmp/tmpm3kr5qvk']
[2024-04-18T15:18:04.494+0000] {standard_task_runner.py:91} INFO - Job 9: Subtask s3_upload
[2024-04-18T15:18:04.537+0000] {task_command.py:426} INFO - Running <TaskInstance: etl_reddit_pipeline.s3_upload scheduled__2024-04-17T00:00:00+00:00 [running]> on host eed44f4826c4
[2024-04-18T15:18:04.603+0000] {taskinstance.py:2644} INFO - Exporting env vars: AIRFLOW_CTX_DAG_OWNER='prathamesh ettam' AIRFLOW_CTX_DAG_ID='etl_reddit_pipeline' AIRFLOW_CTX_TASK_ID='s3_upload' AIRFLOW_CTX_EXECUTION_DATE='2024-04-17T00:00:00+00:00' AIRFLOW_CTX_TRY_NUMBER='1' AIRFLOW_CTX_DAG_RUN_ID='scheduled__2024-04-17T00:00:00+00:00'
[2024-04-18T15:18:04.605+0000] {taskinstance.py:430} INFO - ::endgroup::
[2024-04-18T15:18:05.734+0000] {logging_mixin.py:188} INFO - Bucket already exists
[2024-04-18T15:18:06.865+0000] {logging_mixin.py:188} INFO - File uploaded to s3
[2024-04-18T15:18:06.865+0000] {python.py:237} INFO - Done. Returned value was: None
[2024-04-18T15:18:06.866+0000] {taskinstance.py:441} INFO - ::group::Post task execution logs
[2024-04-18T15:18:06.874+0000] {taskinstance.py:1205} INFO - Marking task as SUCCESS. dag_id=etl_reddit_pipeline, task_id=s3_upload, execution_date=20240417T000000, start_date=20240418T151804, end_date=20240418T151806
[2024-04-18T15:18:06.921+0000] {local_task_job_runner.py:240} INFO - Task exited with return code 0
[2024-04-18T15:18:06.936+0000] {taskinstance.py:3482} INFO - 0 downstream tasks scheduled from follow-on schedule check
[2024-04-18T15:18:06.938+0000] {local_task_job_runner.py:222} INFO - ::endgroup::
