[2024-04-17T10:23:20.116+0000] {local_task_job_runner.py:120} INFO - ::group::Pre task execution logs
[2024-04-17T10:23:20.133+0000] {taskinstance.py:2073} INFO - Dependencies all met for dep_context=non-requeueable deps ti=<TaskInstance: etl_reddit_pipeline.reddit_extraction manual__2024-04-17T10:23:18.717180+00:00 [queued]>
[2024-04-17T10:23:20.140+0000] {taskinstance.py:2073} INFO - Dependencies all met for dep_context=requeueable deps ti=<TaskInstance: etl_reddit_pipeline.reddit_extraction manual__2024-04-17T10:23:18.717180+00:00 [queued]>
[2024-04-17T10:23:20.141+0000] {taskinstance.py:2303} INFO - Starting attempt 1 of 1
[2024-04-17T10:23:20.153+0000] {taskinstance.py:2327} INFO - Executing <Task(PythonOperator): reddit_extraction> on 2024-04-17 10:23:18.717180+00:00
[2024-04-17T10:23:20.157+0000] {standard_task_runner.py:63} INFO - Started process 80 to run task
[2024-04-17T10:23:20.159+0000] {standard_task_runner.py:90} INFO - Running: ['airflow', 'tasks', 'run', 'etl_reddit_pipeline', 'reddit_extraction', 'manual__2024-04-17T10:23:18.717180+00:00', '--job-id', '12', '--raw', '--subdir', 'DAGS_FOLDER/reddit_dag.py', '--cfg-path', '/tmp/tmp5l65872d']
[2024-04-17T10:23:20.163+0000] {standard_task_runner.py:91} INFO - Job 12: Subtask reddit_extraction
[2024-04-17T10:23:20.208+0000] {task_command.py:426} INFO - Running <TaskInstance: etl_reddit_pipeline.reddit_extraction manual__2024-04-17T10:23:18.717180+00:00 [running]> on host 75cc4c4b7bf7
[2024-04-17T10:23:20.287+0000] {taskinstance.py:2644} INFO - Exporting env vars: AIRFLOW_CTX_DAG_OWNER='prathamesh ettam' AIRFLOW_CTX_DAG_ID='etl_reddit_pipeline' AIRFLOW_CTX_TASK_ID='reddit_extraction' AIRFLOW_CTX_EXECUTION_DATE='2024-04-17T10:23:18.717180+00:00' AIRFLOW_CTX_TRY_NUMBER='1' AIRFLOW_CTX_DAG_RUN_ID='manual__2024-04-17T10:23:18.717180+00:00'
[2024-04-17T10:23:20.288+0000] {taskinstance.py:430} INFO - ::endgroup::
[2024-04-17T10:23:20.300+0000] {logging_mixin.py:188} INFO - connected to reddit
[2024-04-17T10:23:22.310+0000] {taskinstance.py:441} INFO - ::group::Post task execution logs
[2024-04-17T10:23:22.312+0000] {taskinstance.py:2890} ERROR - Task failed with exception
Traceback (most recent call last):
  File "/home/airflow/.local/lib/python3.9/site-packages/airflow/models/taskinstance.py", line 465, in _execute_task
    result = _execute_callable(context=context, **execute_callable_kwargs)
  File "/home/airflow/.local/lib/python3.9/site-packages/airflow/models/taskinstance.py", line 432, in _execute_callable
    return execute_callable(context=context, **execute_callable_kwargs)
  File "/home/airflow/.local/lib/python3.9/site-packages/airflow/models/baseoperator.py", line 400, in wrapper
    return func(self, *args, **kwargs)
  File "/home/airflow/.local/lib/python3.9/site-packages/airflow/operators/python.py", line 235, in execute
    return_value = self.execute_callable()
  File "/home/airflow/.local/lib/python3.9/site-packages/airflow/operators/python.py", line 252, in execute_callable
    return self.python_callable(*self.op_args, **self.op_kwargs)
  File "/opt/airflow/pipelines/reddit_pipeline.py", line 10, in reddit_pipeline
    posts=extract_posts(instance,subreddit,time_filter,limit)
  File "/opt/airflow/etls/reddit_etl.py", line 24, in extract_posts
    post = {key: post_dict[key] for key in POST_FIELDS}
NameError: name 'POST_FIELDS' is not defined
[2024-04-17T10:23:22.335+0000] {taskinstance.py:1205} INFO - Marking task as FAILED. dag_id=etl_reddit_pipeline, task_id=reddit_extraction, execution_date=20240417T102318, start_date=20240417T102320, end_date=20240417T102322
[2024-04-17T10:23:22.350+0000] {standard_task_runner.py:110} ERROR - Failed to execute job 12 for task reddit_extraction (name 'POST_FIELDS' is not defined; 80)
[2024-04-17T10:23:22.388+0000] {local_task_job_runner.py:240} INFO - Task exited with return code 1
[2024-04-17T10:23:22.405+0000] {taskinstance.py:3482} INFO - 0 downstream tasks scheduled from follow-on schedule check
[2024-04-17T10:23:22.408+0000] {local_task_job_runner.py:222} INFO - ::endgroup::
