[2024-04-17T10:22:18.483+0000] {local_task_job_runner.py:120} INFO - ::group::Pre task execution logs
[2024-04-17T10:22:18.499+0000] {taskinstance.py:2073} INFO - Dependencies all met for dep_context=non-requeueable deps ti=<TaskInstance: etl_reddit_pipeline.reddit_extraction manual__2024-04-17T10:22:17.168820+00:00 [queued]>
[2024-04-17T10:22:18.506+0000] {taskinstance.py:2073} INFO - Dependencies all met for dep_context=requeueable deps ti=<TaskInstance: etl_reddit_pipeline.reddit_extraction manual__2024-04-17T10:22:17.168820+00:00 [queued]>
[2024-04-17T10:22:18.507+0000] {taskinstance.py:2303} INFO - Starting attempt 1 of 1
[2024-04-17T10:22:18.519+0000] {taskinstance.py:2327} INFO - Executing <Task(PythonOperator): reddit_extraction> on 2024-04-17 10:22:17.168820+00:00
[2024-04-17T10:22:18.523+0000] {standard_task_runner.py:63} INFO - Started process 77 to run task
[2024-04-17T10:22:18.526+0000] {standard_task_runner.py:90} INFO - Running: ['airflow', 'tasks', 'run', 'etl_reddit_pipeline', 'reddit_extraction', 'manual__2024-04-17T10:22:17.168820+00:00', '--job-id', '11', '--raw', '--subdir', 'DAGS_FOLDER/reddit_dag.py', '--cfg-path', '/tmp/tmpc30nd3h4']
[2024-04-17T10:22:18.528+0000] {standard_task_runner.py:91} INFO - Job 11: Subtask reddit_extraction
[2024-04-17T10:22:18.570+0000] {task_command.py:426} INFO - Running <TaskInstance: etl_reddit_pipeline.reddit_extraction manual__2024-04-17T10:22:17.168820+00:00 [running]> on host 75cc4c4b7bf7
[2024-04-17T10:22:18.641+0000] {taskinstance.py:2644} INFO - Exporting env vars: AIRFLOW_CTX_DAG_OWNER='prathamesh ettam' AIRFLOW_CTX_DAG_ID='etl_reddit_pipeline' AIRFLOW_CTX_TASK_ID='reddit_extraction' AIRFLOW_CTX_EXECUTION_DATE='2024-04-17T10:22:17.168820+00:00' AIRFLOW_CTX_TRY_NUMBER='1' AIRFLOW_CTX_DAG_RUN_ID='manual__2024-04-17T10:22:17.168820+00:00'
[2024-04-17T10:22:18.642+0000] {taskinstance.py:430} INFO - ::endgroup::
[2024-04-17T10:22:18.654+0000] {logging_mixin.py:188} INFO - connected to reddit
[2024-04-17T10:22:20.775+0000] {taskinstance.py:441} INFO - ::group::Post task execution logs
[2024-04-17T10:22:20.775+0000] {taskinstance.py:2890} ERROR - Task failed with exception
Traceback (most recent call last):
  File "/home/airflow/.local/lib/python3.9/site-packages/airflow/models/taskinstance.py", line 465, in _execute_task
    result = _execute_callable(context=context, **execute_callable_kwargs)
  File "/home/airflow/.local/lib/python3.9/site-packages/airflow/models/taskinstance.py", line 432, in _execute_callable
    return execute_callable(context=context, **execute_callable_kwargs)
  File "/home/airflow/.local/lib/python3.9/site-packages/airflow/models/baseoperator.py", line 400, in wrapper
    return func(self, *args, **kwargs)
  File "/home/airflow/.local/lib/python3.9/site-packages/airflow/operators/python.py", line 235, in execute
    return_value = self.execute_callable()
  File "/home/airflow/.local/lib/python3.9/site-packages/airflow/operators/python.py", line 252, in execute_callable
    return self.python_callable(*self.op_args, **self.op_kwargs)
  File "/opt/airflow/pipelines/reddit_pipeline.py", line 10, in reddit_pipeline
    posts=extract_posts(instance,subreddit,time_filter,limit)
  File "/opt/airflow/etls/reddit_etl.py", line 24, in extract_posts
    post = {key: post_dict[key] for key in POST_FIELDS}
NameError: name 'POST_FIELDS' is not defined
[2024-04-17T10:22:20.798+0000] {taskinstance.py:1205} INFO - Marking task as FAILED. dag_id=etl_reddit_pipeline, task_id=reddit_extraction, execution_date=20240417T102217, start_date=20240417T102218, end_date=20240417T102220
[2024-04-17T10:22:20.809+0000] {standard_task_runner.py:110} ERROR - Failed to execute job 11 for task reddit_extraction (name 'POST_FIELDS' is not defined; 77)
[2024-04-17T10:22:20.834+0000] {local_task_job_runner.py:240} INFO - Task exited with return code 1
[2024-04-17T10:22:20.848+0000] {taskinstance.py:3482} INFO - 0 downstream tasks scheduled from follow-on schedule check
[2024-04-17T10:22:20.851+0000] {local_task_job_runner.py:222} INFO - ::endgroup::
