[2024-04-18T15:16:31.598+0000] {local_task_job_runner.py:120} INFO - ::group::Pre task execution logs
[2024-04-18T15:16:31.624+0000] {taskinstance.py:2073} INFO - Dependencies all met for dep_context=non-requeueable deps ti=<TaskInstance: etl_reddit_pipeline.reddit_extraction scheduled__2024-04-17T00:00:00+00:00 [queued]>
[2024-04-18T15:16:31.634+0000] {taskinstance.py:2073} INFO - Dependencies all met for dep_context=requeueable deps ti=<TaskInstance: etl_reddit_pipeline.reddit_extraction scheduled__2024-04-17T00:00:00+00:00 [queued]>
[2024-04-18T15:16:31.635+0000] {taskinstance.py:2303} INFO - Starting attempt 1 of 1
[2024-04-18T15:16:31.664+0000] {taskinstance.py:2327} INFO - Executing <Task(PythonOperator): reddit_extraction> on 2024-04-17 00:00:00+00:00
[2024-04-18T15:16:31.672+0000] {standard_task_runner.py:63} INFO - Started process 53 to run task
[2024-04-18T15:16:31.677+0000] {standard_task_runner.py:90} INFO - Running: ['airflow', 'tasks', 'run', 'etl_reddit_pipeline', 'reddit_extraction', 'scheduled__2024-04-17T00:00:00+00:00', '--job-id', '3', '--raw', '--subdir', 'DAGS_FOLDER/reddit_dag.py', '--cfg-path', '/tmp/tmpndjsg7u_']
[2024-04-18T15:16:31.683+0000] {standard_task_runner.py:91} INFO - Job 3: Subtask reddit_extraction
[2024-04-18T15:16:31.785+0000] {task_command.py:426} INFO - Running <TaskInstance: etl_reddit_pipeline.reddit_extraction scheduled__2024-04-17T00:00:00+00:00 [running]> on host eed44f4826c4
[2024-04-18T15:16:31.897+0000] {taskinstance.py:2644} INFO - Exporting env vars: AIRFLOW_CTX_DAG_OWNER='prathamesh ettam' AIRFLOW_CTX_DAG_ID='etl_reddit_pipeline' AIRFLOW_CTX_TASK_ID='reddit_extraction' AIRFLOW_CTX_EXECUTION_DATE='2024-04-17T00:00:00+00:00' AIRFLOW_CTX_TRY_NUMBER='1' AIRFLOW_CTX_DAG_RUN_ID='scheduled__2024-04-17T00:00:00+00:00'
[2024-04-18T15:16:31.899+0000] {taskinstance.py:430} INFO - ::endgroup::
[2024-04-18T15:16:32.104+0000] {logging_mixin.py:188} INFO - connected to reddit
[2024-04-18T15:16:34.643+0000] {python.py:237} INFO - Done. Returned value was: /opt/airflow/data/output/reddit_20240418.csv
[2024-04-18T15:16:34.644+0000] {taskinstance.py:441} INFO - ::group::Post task execution logs
[2024-04-18T15:16:34.677+0000] {taskinstance.py:1205} INFO - Marking task as SUCCESS. dag_id=etl_reddit_pipeline, task_id=reddit_extraction, execution_date=20240417T000000, start_date=20240418T151631, end_date=20240418T151634
[2024-04-18T15:16:34.713+0000] {local_task_job_runner.py:240} INFO - Task exited with return code 0
[2024-04-18T15:16:34.762+0000] {taskinstance.py:3482} INFO - 1 downstream tasks scheduled from follow-on schedule check
[2024-04-18T15:16:34.767+0000] {local_task_job_runner.py:222} INFO - ::endgroup::
[2024-04-18T15:18:00.862+0000] {local_task_job_runner.py:120} INFO - ::group::Pre task execution logs
[2024-04-18T15:18:00.881+0000] {taskinstance.py:2073} INFO - Dependencies all met for dep_context=non-requeueable deps ti=<TaskInstance: etl_reddit_pipeline.reddit_extraction scheduled__2024-04-17T00:00:00+00:00 [queued]>
[2024-04-18T15:18:00.889+0000] {taskinstance.py:2073} INFO - Dependencies all met for dep_context=requeueable deps ti=<TaskInstance: etl_reddit_pipeline.reddit_extraction scheduled__2024-04-17T00:00:00+00:00 [queued]>
[2024-04-18T15:18:00.890+0000] {taskinstance.py:2303} INFO - Starting attempt 1 of 1
[2024-04-18T15:18:00.904+0000] {taskinstance.py:2327} INFO - Executing <Task(PythonOperator): reddit_extraction> on 2024-04-17 00:00:00+00:00
[2024-04-18T15:18:00.910+0000] {standard_task_runner.py:63} INFO - Started process 69 to run task
[2024-04-18T15:18:00.915+0000] {standard_task_runner.py:90} INFO - Running: ['airflow', 'tasks', 'run', 'etl_reddit_pipeline', 'reddit_extraction', 'scheduled__2024-04-17T00:00:00+00:00', '--job-id', '8', '--raw', '--subdir', 'DAGS_FOLDER/reddit_dag.py', '--cfg-path', '/tmp/tmp212b6gay']
[2024-04-18T15:18:00.917+0000] {standard_task_runner.py:91} INFO - Job 8: Subtask reddit_extraction
[2024-04-18T15:18:00.965+0000] {task_command.py:426} INFO - Running <TaskInstance: etl_reddit_pipeline.reddit_extraction scheduled__2024-04-17T00:00:00+00:00 [running]> on host eed44f4826c4
[2024-04-18T15:18:01.036+0000] {taskinstance.py:2644} INFO - Exporting env vars: AIRFLOW_CTX_DAG_OWNER='prathamesh ettam' AIRFLOW_CTX_DAG_ID='etl_reddit_pipeline' AIRFLOW_CTX_TASK_ID='reddit_extraction' AIRFLOW_CTX_EXECUTION_DATE='2024-04-17T00:00:00+00:00' AIRFLOW_CTX_TRY_NUMBER='1' AIRFLOW_CTX_DAG_RUN_ID='scheduled__2024-04-17T00:00:00+00:00'
[2024-04-18T15:18:01.037+0000] {taskinstance.py:430} INFO - ::endgroup::
[2024-04-18T15:18:01.052+0000] {logging_mixin.py:188} INFO - connected to reddit
[2024-04-18T15:18:03.247+0000] {python.py:237} INFO - Done. Returned value was: /opt/airflow/data/output/reddit_20240418.csv
[2024-04-18T15:18:03.248+0000] {taskinstance.py:441} INFO - ::group::Post task execution logs
[2024-04-18T15:18:03.266+0000] {taskinstance.py:1205} INFO - Marking task as SUCCESS. dag_id=etl_reddit_pipeline, task_id=reddit_extraction, execution_date=20240417T000000, start_date=20240418T151800, end_date=20240418T151803
[2024-04-18T15:18:03.301+0000] {local_task_job_runner.py:240} INFO - Task exited with return code 0
[2024-04-18T15:18:03.316+0000] {taskinstance.py:3482} INFO - 1 downstream tasks scheduled from follow-on schedule check
[2024-04-18T15:18:03.319+0000] {local_task_job_runner.py:222} INFO - ::endgroup::
